2021-09-17 16:33:13 0 [Warning] No argument was provided to --log-bin and neither --log-basename or --log-bin-index where used;  This may cause repliction to break when this server acts as a master and has its hostname changed! Please use '--log-basename=dcg2' or '--log-bin=dcg2-bin' to avoid this problem.
2021-09-17 16:33:13 0 [Note] WSREP: Loading provider /usr/lib/galera/libgalera_smm.so initial position: 00000000-0000-0000-0000-000000000000:-1
2021-09-17 16:33:13 0 [Note] WSREP: wsrep_load(): loading provider library '/usr/lib/galera/libgalera_smm.so'
2021-09-17 16:33:13 0 [Note] WSREP: wsrep_load(): Galera 26.4.9(r819f29cb) by Codership Oy <info@codership.com> loaded successfully.
2021-09-17 16:33:13 0 [Note] WSREP: CRC-32C: using hardware acceleration.
2021-09-17 16:33:13 0 [Warning] WSREP: Could not open state file for reading: '/var/lib/mysql//grastate.dat'
2021-09-17 16:33:13 0 [Note] WSREP: Found saved state: 00000000-0000-0000-0000-000000000000:-1, safe_to_bootstrap: 1
2021-09-17 16:33:13 0 [Note] WSREP: GCache DEBUG: opened preamble:
Version: 0
UUID: 00000000-0000-0000-0000-000000000000
Seqno: -1 - -1
Offset: -1
Synced: 0
2021-09-17 16:33:13 0 [Note] WSREP: Skipped GCache ring buffer recovery: could not determine history UUID.
2021-09-17 16:33:13 0 [Note] WSREP: Passing config to GCS: base_dir = /var/lib/mysql/; base_host = 172.20.0.3; base_port = 4567; cert.log_conflicts = no; cert.optimistic_pa = yes; debug = no; evs.auto_evict = 0; evs.delay_margin = PT1S; evs.delayed_keep_period = PT30S; evs.inactive_check_period = PT0.5S; evs.inactive_timeout = PT15S; evs.join_retrans_period = PT1S; evs.max_install_timeouts = 3; evs.send_window = 4; evs.stats_report_period = PT1M; evs.suspect_timeout = PT5S; evs.user_send_window = 2; evs.view_forget_timeout = PT24H; gcache.dir = /var/lib/mysql/; gcache.keep_pages_size = 0; gcache.mem_size = 0; gcache.name = galera.cache; gcache.page_size = 128M; gcache.recover = yes; gcache.size = 512M; gcomm.thread_prio = ; gcs.fc_debug = 0; gcs.fc_factor = 0.8; gcs.fc_limit = 16; gcs.fc_master_slave = no; gcs.max_packet_size = 64500; gcs.max_throttle = 0.25; gcs.recv_q_hard_limit = 9223372036854775807; gcs.recv_q_soft_limit = 0.25; gcs.sync_donor = no; gmcast.segment = 0; gmcast.version = 0; pc.announce_timeout = PT3S; pc.checksum = fa
2021-09-17 16:33:13 0 [Note] WSREP: Start replication
2021-09-17 16:33:13 0 [Note] WSREP: Connecting with bootstrap option: 0
2021-09-17 16:33:13 0 [Note] WSREP: Setting GCS initial position to 00000000-0000-0000-0000-000000000000:-1
2021-09-17 16:33:13 0 [Note] WSREP: protonet asio version 0
2021-09-17 16:33:13 0 [Note] WSREP: Using CRC-32C for message checksums.
2021-09-17 16:33:13 0 [Note] WSREP: backend: asio
2021-09-17 16:33:13 0 [Note] WSREP: gcomm thread scheduling priority set to other:0 
2021-09-17 16:33:13 0 [Warning] WSREP: access file(/var/lib/mysql//gvwstate.dat) failed(No such file or directory)
2021-09-17 16:33:13 0 [Note] WSREP: restore pc from disk failed
2021-09-17 16:33:13 0 [Note] WSREP: GMCast version 0
2021-09-17 16:33:13 0 [Note] WSREP: (f3c02916-9ff3, 'tcp://0.0.0.0:4567') listening at tcp://0.0.0.0:4567
2021-09-17 16:33:13 0 [Note] WSREP: (f3c02916-9ff3, 'tcp://0.0.0.0:4567') multicast: , ttl: 1
2021-09-17 16:33:13 0 [Note] WSREP: EVS version 1
2021-09-17 16:33:13 0 [Note] WSREP: gcomm: connecting to group 'DC', peer '172.20.0.2:,172.20.0.3:,172.20.0.4:'
2021-09-17 16:33:13 0 [Note] WSREP: (f3c02916-9ff3, 'tcp://0.0.0.0:4567') Found matching local endpoint for a connection, blacklisting address tcp://172.20.0.3:4567
2021-09-17 16:33:13 0 [Note] WSREP: (f3c02916-9ff3, 'tcp://0.0.0.0:4567') connection established to efc3af5f-b5d0 tcp://172.20.0.2:4567
2021-09-17 16:33:13 0 [Note] WSREP: (f3c02916-9ff3, 'tcp://0.0.0.0:4567') turning message relay requesting on, nonlive peers: 
2021-09-17 16:33:13 0 [Note] WSREP: EVS version upgrade 0 -> 1
2021-09-17 16:33:13 0 [Note] WSREP: declaring efc3af5f-b5d0 at tcp://172.20.0.2:4567 stable
2021-09-17 16:33:13 0 [Note] WSREP: PC protocol upgrade 0 -> 1
2021-09-17 16:33:13 0 [Note] WSREP: Node efc3af5f-b5d0 state prim
2021-09-17 16:33:13 0 [Note] WSREP: view(view_id(PRIM,efc3af5f-b5d0,2) memb {
	efc3af5f-b5d0,0
	f3c02916-9ff3,0
} joined {
} left {
} partitioned {
})
2021-09-17 16:33:13 0 [Note] WSREP: save pc into disk
2021-09-17 16:33:13 0 [Note] WSREP: discarding pending addr without UUID: tcp://172.20.0.4:4567
2021-09-17 16:33:13 0 [Note] WSREP: discarding pending addr proto entry 0xaaaae68f2670
2021-09-17 16:33:14 0 [Note] WSREP: gcomm: connected
2021-09-17 16:33:14 0 [Note] WSREP: Changing maximum packet size to 64500, resulting msg size: 32636
2021-09-17 16:33:14 0 [Note] WSREP: Shifting CLOSED -> OPEN (TO: 0)
2021-09-17 16:33:14 0 [Note] WSREP: Opened channel 'DC'
2021-09-17 16:33:14 0 [Note] WSREP: New COMPONENT: primary = yes, bootstrap = no, my_idx = 1, memb_num = 2
2021-09-17 16:33:14 0 [Note] WSREP: STATE EXCHANGE: Waiting for state UUID.
2021-09-17 16:33:14 0 [Note] WSREP: STATE EXCHANGE: sent state msg: f40db867-17d4-11ec-8601-ce9203b456ef
2021-09-17 16:33:14 0 [Note] WSREP: STATE EXCHANGE: got state msg: f40db867-17d4-11ec-8601-ce9203b456ef from 0 (galera-dc-1)
2021-09-17 16:33:14 1 [Note] WSREP: Starting rollbacker thread 1
2021-09-17 16:33:14 2 [Note] WSREP: Starting applier thread 2
2021-09-17 16:33:14 0 [Note] WSREP: STATE EXCHANGE: got state msg: f40db867-17d4-11ec-8601-ce9203b456ef from 1 (galera-dc-2)
2021-09-17 16:33:14 0 [Note] WSREP: Quorum results:
	version    = 6,
	component  = PRIMARY,
	conf_id    = 1,
	members    = 1/2 (joined/total),
	act_id     = 1,
	last_appl. = 0,
	protocols  = 2/10/4 (gcs/repl/appl),
	vote policy= 0,
	group UUID = efc4148b-17d4-11ec-ae9b-46ec6ef2ac33
2021-09-17 16:33:14 0 [Note] WSREP: Flow-control interval: [18, 23]
2021-09-17 16:33:14 0 [Note] WSREP: Shifting OPEN -> PRIMARY (TO: 2)
2021-09-17 16:33:14 2 [Note] WSREP: ####### processing CC 2, local, ordered
2021-09-17 16:33:14 2 [Note] WSREP: Process first view: efc4148b-17d4-11ec-ae9b-46ec6ef2ac33 my uuid: f3c02916-17d4-11ec-9ff3-5b299f0e542b
2021-09-17 16:33:14 2 [Note] WSREP: Server galera-dc-2 connected to cluster at position efc4148b-17d4-11ec-ae9b-46ec6ef2ac33:2 with ID f3c02916-17d4-11ec-9ff3-5b299f0e542b
2021-09-17 16:33:14 2 [Note] WSREP: Server status change disconnected -> connected
2021-09-17 16:33:14 2 [Note] WSREP: wsrep_notify_cmd is not defined, skipping notification.
2021-09-17 16:33:14 2 [Note] WSREP: ####### My UUID: f3c02916-17d4-11ec-9ff3-5b299f0e542b
2021-09-17 16:33:14 2 [Note] WSREP: Cert index reset to 00000000-0000-0000-0000-000000000000:-1 (proto: 10), state transfer needed: yes
2021-09-17 16:33:14 0 [Note] WSREP: Service thread queue flushed.
2021-09-17 16:33:14 2 [Note] WSREP: ####### Assign initial position for certification: 00000000-0000-0000-0000-000000000000:-1, protocol version: -1
2021-09-17 16:33:14 2 [Note] WSREP: State transfer required: 
	Group state: efc4148b-17d4-11ec-ae9b-46ec6ef2ac33:2
	Local state: 00000000-0000-0000-0000-000000000000:-1
2021-09-17 16:33:14 2 [Note] WSREP: Server status change connected -> joiner
2021-09-17 16:33:14 2 [Note] WSREP: wsrep_notify_cmd is not defined, skipping notification.
2021-09-17 16:33:14 0 [Note] WSREP: Joiner monitor thread started to monitor
2021-09-17 16:33:14 0 [Note] WSREP: Running: 'wsrep_sst_mariabackup --role 'joiner' --address '172.20.0.3' --datadir '/var/lib/mysql/' --parent '9' --binlog 'dcg2-bin''
WSREP_SST: [INFO] SSL configuration: CA='', CERT='', KEY='', MODE='DISABLED', encrypt='0' (20210917 16:33:14.231)
WSREP_SST: [INFO] Logging all stderr of SST/mariabackup to syslog (20210917 16:33:14.289)
2021-09-17 16:33:14 2 [Note] WSREP: ####### IST uuid:00000000-0000-0000-0000-000000000000 f: 0, l: 2, STRv: 3
2021-09-17 16:33:14 2 [Note] WSREP: IST receiver addr using tcp://172.20.0.3:4568
2021-09-17 16:33:14 2 [Note] WSREP: Prepared IST receiver for 0-2, listening at: tcp://172.20.0.3:4568
2021-09-17 16:33:14 0 [Note] WSREP: Member 1.0 (galera-dc-2) requested state transfer from '*any*'. Selected 0.0 (galera-dc-1)(SYNCED) as donor.
2021-09-17 16:33:14 0 [Note] WSREP: Shifting PRIMARY -> JOINER (TO: 2)
2021-09-17 16:33:14 2 [Note] WSREP: Requesting state transfer: success, donor: 0
2021-09-17 16:33:14 2 [Note] WSREP: Resetting GCache seqno map due to different histories.
2021-09-17 16:33:14 2 [Note] WSREP: GCache history reset: 00000000-0000-0000-0000-000000000000:0 -> efc4148b-17d4-11ec-ae9b-46ec6ef2ac33:2
2021-09-17 16:33:16 0 [Note] WSREP: (f3c02916-9ff3, 'tcp://0.0.0.0:4567') turning message relay requesting off
2021-09-17 16:33:24 0 [Warning] WSREP: 0.0 (galera-dc-1): State transfer to 1.0 (galera-dc-2) failed: -22 (Invalid argument)
2021-09-17 16:33:24 0 [ERROR] WSREP: /home/buildbot/buildbot/build/gcs/src/gcs_group.cpp:gcs_group_handle_join_msg():1170: Will never receive state. Need to abort.
2021-09-17 16:33:24 0 [Note] WSREP: gcomm: terminating thread
2021-09-17 16:33:24 0 [Note] WSREP: gcomm: joining thread
2021-09-17 16:33:24 0 [Note] WSREP: gcomm: closing backend
2021-09-17 16:33:24 0 [ERROR] WSREP: Process completed with error: wsrep_sst_mariabackup --role 'joiner' --address '172.20.0.3' --datadir '/var/lib/mysql/' --parent '9' --binlog 'dcg2-bin': 2 (No such file or directory)
2021-09-17 16:33:24 0 [ERROR] WSREP: Failed to read uuid:seqno and wsrep_gtid_domain_id from joiner script.
2021-09-17 16:33:24 3 [Note] WSREP: SST received
2021-09-17 16:33:24 3 [Note] WSREP: SST received: 00000000-0000-0000-0000-000000000000:-1
2021-09-17 16:33:24 3 [Note] WSREP: SST succeeded for position 00000000-0000-0000-0000-000000000000:-1
2021-09-17 16:33:24 0 [Note] WSREP: Joiner monitor thread ended with total time 10 sec
2021-09-17 16:33:24 2 [ERROR] WSREP: Application received wrong state: 
	Received: 00000000-0000-0000-0000-000000000000
	Required: efc4148b-17d4-11ec-ae9b-46ec6ef2ac33
2021-09-17 16:33:24 2 [ERROR] WSREP: Application state transfer failed. This is unrecoverable condition, restart required.
2021-09-17 16:33:24 2 [Note] WSREP: ReplicatorSMM::abort()
2021-09-17 16:33:24 2 [Note] WSREP: Closing send monitor...
2021-09-17 16:33:24 2 [Note] WSREP: Closed send monitor.
2021-09-17 16:33:25 0 [Note] WSREP: view(view_id(NON_PRIM,efc3af5f-b5d0,2) memb {
	f3c02916-9ff3,0
} joined {
} left {
} partitioned {
	efc3af5f-b5d0,0
})
2021-09-17 16:33:25 0 [Note] WSREP: PC protocol downgrade 1 -> 0
2021-09-17 16:33:25 0 [Note] WSREP: view((empty))
2021-09-17 16:33:25 0 [Note] WSREP: gcomm: closed
2021-09-17 16:33:25 0 [Note] WSREP: mysqld: Terminated.
2021-09-17 16:35:37 0 [Warning] No argument was provided to --log-bin and neither --log-basename or --log-bin-index where used;  This may cause repliction to break when this server acts as a master and has its hostname changed! Please use '--log-basename=dcg2' or '--log-bin=dcg2-bin' to avoid this problem.
2021-09-17 16:35:37 0 [Warning] 'innodb-lock-schedule-algorithm' was removed. It does nothing now and exists only for compatibility with old my.cnf files.
2021-09-17 16:35:37 1 [Warning] Failed to load slave replication state from table mysql.gtid_slave_pos: 1017: Can't find file: './mysql/' (errno: 2 "No such file or directory")
2021-09-17 16:35:37 0 [Warning] No argument was provided to --log-bin and neither --log-basename or --log-bin-index where used;  This may cause repliction to break when this server acts as a master and has its hostname changed! Please use '--log-basename=dcg2' or '--log-bin=dcg2-bin' to avoid this problem.
2021-09-17 16:35:37 0 [Note] InnoDB: Compressed tables use zlib 1.2.11
2021-09-17 16:35:37 0 [Note] InnoDB: Number of pools: 1
2021-09-17 16:35:37 0 [Note] InnoDB: Using ARMv8 crc32 + pmull instructions
2021-09-17 16:35:37 0 [Note] mysqld: O_TMPFILE is not supported on /tmp (disabling future attempts)
2021-09-17 16:35:37 0 [Note] InnoDB: Using Linux native AIO
2021-09-17 16:35:37 0 [Note] InnoDB: Initializing buffer pool, total size = 134217728, chunk size = 134217728
2021-09-17 16:35:37 0 [Note] InnoDB: Completed initialization of buffer pool
2021-09-17 16:35:37 0 [Note] InnoDB: 128 rollback segments are active.
2021-09-17 16:35:37 0 [Note] InnoDB: Creating shared tablespace for temporary tables
2021-09-17 16:35:37 0 [Note] InnoDB: Setting file './ibtmp1' size to 12 MB. Physically writing the file full; Please wait ...
2021-09-17 16:35:37 0 [Note] InnoDB: File './ibtmp1' size is now 12 MB.
2021-09-17 16:35:37 0 [Note] InnoDB: 10.6.4 started; log sequence number 41349; transaction id 14
2021-09-17 16:35:37 0 [Note] Plugin 'FEEDBACK' is disabled.
2021-09-17 16:35:37 0 [Note] InnoDB: Loading buffer pool(s) from /var/lib/mysql/ib_buffer_pool
2021-09-17 16:35:37 0 [Warning] 'innodb-lock-schedule-algorithm' was removed. It does nothing now and exists only for compatibility with old my.cnf files.
2021-09-17 16:35:37 0 [Note] InnoDB: Buffer pool(s) load completed at 210917 16:35:37
2021-09-17 16:35:37 0 [Warning] 'user' entry 'root@dcg2' ignored in --skip-name-resolve mode.
2021-09-17 16:35:37 0 [Warning] 'proxies_priv' entry '@% root@dcg2' ignored in --skip-name-resolve mode.
2021-09-17 16:35:37 0 [Note] mysqld: ready for connections.
Version: '10.6.4-MariaDB-1:10.6.4+maria~focal-log'  socket: '/run/mysqld/mysqld.sock'  port: 0  mariadb.org binary distribution
2021-09-17 16:35:40 6 [Warning] 'proxies_priv' entry '@% root@dcg2' ignored in --skip-name-resolve mode.
2021-09-17 16:35:40 0 [Note] mysqld (initiated by: root[root] @ localhost []): Normal shutdown
2021-09-17 16:35:40 0 [Note] InnoDB: FTS optimize thread exiting.
2021-09-17 16:35:40 0 [Note] InnoDB: Starting shutdown...
2021-09-17 16:35:40 0 [Note] InnoDB: Dumping buffer pool(s) to /var/lib/mysql/ib_buffer_pool
2021-09-17 16:35:40 0 [Note] InnoDB: Buffer pool(s) dump completed at 210917 16:35:40
2021-09-17 16:35:40 0 [Note] InnoDB: Removed temporary tablespace data file: "./ibtmp1"
2021-09-17 16:35:40 0 [Note] InnoDB: Shutdown completed; log sequence number 42323; transaction id 15
2021-09-17 16:35:40 0 [Note] mysqld: Shutdown complete

2021-09-17 16:35:41 0 [Warning] No argument was provided to --log-bin and neither --log-basename or --log-bin-index where used;  This may cause repliction to break when this server acts as a master and has its hostname changed! Please use '--log-basename=dcg2' or '--log-bin=dcg2-bin' to avoid this problem.
2021-09-17 16:35:41 0 [Note] WSREP: Loading provider /usr/lib/galera/libgalera_smm.so initial position: 00000000-0000-0000-0000-000000000000:-1
2021-09-17 16:35:41 0 [Note] WSREP: wsrep_load(): loading provider library '/usr/lib/galera/libgalera_smm.so'
2021-09-17 16:35:41 0 [Note] WSREP: wsrep_load(): Galera 26.4.9(r819f29cb) by Codership Oy <info@codership.com> loaded successfully.
2021-09-17 16:35:41 0 [Note] WSREP: CRC-32C: using hardware acceleration.
2021-09-17 16:35:41 0 [Note] WSREP: Found saved state: 00000000-0000-0000-0000-000000000000:-1, safe_to_bootstrap: 1
2021-09-17 16:35:41 0 [Note] WSREP: GCache DEBUG: opened preamble:
Version: 2
UUID: efc4148b-17d4-11ec-ae9b-46ec6ef2ac33
Seqno: -1 - -1
Offset: -1
Synced: 0
2021-09-17 16:35:41 0 [Note] WSREP: Recovering GCache ring buffer: version: 2, UUID: efc4148b-17d4-11ec-ae9b-46ec6ef2ac33, offset: -1
2021-09-17 16:35:41 0 [Note] WSREP: GCache::RingBuffer initial scan...  0.0% (        0/536870936 bytes) complete.
2021-09-17 16:35:41 0 [Note] WSREP: GCache::RingBuffer initial scan...100.0% (536870936/536870936 bytes) complete.
2021-09-17 16:35:41 0 [Note] WSREP: Recovering GCache ring buffer: didn't recover any events.
2021-09-17 16:35:41 0 [Note] WSREP: Passing config to GCS: base_dir = /var/lib/mysql/; base_host = 172.20.0.3; base_port = 4567; cert.log_conflicts = no; cert.optimistic_pa = yes; debug = no; evs.auto_evict = 0; evs.delay_margin = PT1S; evs.delayed_keep_period = PT30S; evs.inactive_check_period = PT0.5S; evs.inactive_timeout = PT15S; evs.join_retrans_period = PT1S; evs.max_install_timeouts = 3; evs.send_window = 4; evs.stats_report_period = PT1M; evs.suspect_timeout = PT5S; evs.user_send_window = 2; evs.view_forget_timeout = PT24H; gcache.dir = /var/lib/mysql/; gcache.keep_pages_size = 0; gcache.mem_size = 0; gcache.name = galera.cache; gcache.page_size = 128M; gcache.recover = yes; gcache.size = 512M; gcomm.thread_prio = ; gcs.fc_debug = 0; gcs.fc_factor = 0.8; gcs.fc_limit = 16; gcs.fc_master_slave = no; gcs.max_packet_size = 64500; gcs.max_throttle = 0.25; gcs.recv_q_hard_limit = 9223372036854775807; gcs.recv_q_soft_limit = 0.25; gcs.sync_donor = no; gmcast.segment = 0; gmcast.version = 0; pc.announce_timeout = PT3S; pc.checksum = fa
2021-09-17 16:35:41 0 [Note] WSREP: Start replication
2021-09-17 16:35:41 0 [Note] WSREP: Connecting with bootstrap option: 0
2021-09-17 16:35:41 0 [Note] WSREP: Setting GCS initial position to 00000000-0000-0000-0000-000000000000:-1
2021-09-17 16:35:41 0 [Note] WSREP: protonet asio version 0
2021-09-17 16:35:41 0 [Note] WSREP: Using CRC-32C for message checksums.
2021-09-17 16:35:41 0 [Note] WSREP: backend: asio
2021-09-17 16:35:41 0 [Note] WSREP: gcomm thread scheduling priority set to other:0 
2021-09-17 16:35:41 0 [Warning] WSREP: access file(/var/lib/mysql//gvwstate.dat) failed(No such file or directory)
2021-09-17 16:35:41 0 [Note] WSREP: restore pc from disk failed
2021-09-17 16:35:41 0 [Note] WSREP: GMCast version 0
2021-09-17 16:35:41 0 [Note] WSREP: (4c2980ff-b573, 'tcp://0.0.0.0:4567') listening at tcp://0.0.0.0:4567
2021-09-17 16:35:41 0 [Note] WSREP: (4c2980ff-b573, 'tcp://0.0.0.0:4567') multicast: , ttl: 1
2021-09-17 16:35:41 0 [Note] WSREP: EVS version 1
2021-09-17 16:35:41 0 [Note] WSREP: gcomm: connecting to group 'DC', peer '172.20.0.2:,172.20.0.3:,172.20.0.4:'
2021-09-17 16:35:41 0 [Note] WSREP: (4c2980ff-b573, 'tcp://0.0.0.0:4567') Found matching local endpoint for a connection, blacklisting address tcp://172.20.0.3:4567
2021-09-17 16:35:41 0 [Note] WSREP: (4c2980ff-b573, 'tcp://0.0.0.0:4567') connection established to efc3af5f-b5d0 tcp://172.20.0.2:4567
2021-09-17 16:35:41 0 [Note] WSREP: (4c2980ff-b573, 'tcp://0.0.0.0:4567') turning message relay requesting on, nonlive peers: 
2021-09-17 16:35:41 0 [Note] WSREP: EVS version upgrade 0 -> 1
2021-09-17 16:35:41 0 [Note] WSREP: declaring efc3af5f-b5d0 at tcp://172.20.0.2:4567 stable
2021-09-17 16:35:41 0 [Note] WSREP: PC protocol upgrade 0 -> 1
2021-09-17 16:35:41 0 [Note] WSREP: Node efc3af5f-b5d0 state prim
2021-09-17 16:35:41 0 [Note] WSREP: view(view_id(PRIM,4c2980ff-b573,4) memb {
	4c2980ff-b573,0
	efc3af5f-b5d0,0
} joined {
} left {
} partitioned {
})
2021-09-17 16:35:41 0 [Note] WSREP: save pc into disk
2021-09-17 16:35:41 0 [Note] WSREP: discarding pending addr without UUID: tcp://172.20.0.4:4567
2021-09-17 16:35:41 0 [Note] WSREP: discarding pending addr proto entry 0xaaaaeba01670
2021-09-17 16:35:42 0 [Note] WSREP: gcomm: connected
2021-09-17 16:35:42 0 [Note] WSREP: Changing maximum packet size to 64500, resulting msg size: 32636
2021-09-17 16:35:42 0 [Note] WSREP: Shifting CLOSED -> OPEN (TO: 0)
2021-09-17 16:35:42 0 [Note] WSREP: Opened channel 'DC'
2021-09-17 16:35:42 0 [Note] WSREP: New COMPONENT: primary = yes, bootstrap = no, my_idx = 0, memb_num = 2
2021-09-17 16:35:42 0 [Note] WSREP: STATE_EXCHANGE: sent state UUID: 4cc2c1b1-17d5-11ec-97d0-1233eb6b874e
2021-09-17 16:35:42 1 [Note] WSREP: Starting rollbacker thread 1
2021-09-17 16:35:42 2 [Note] WSREP: Starting applier thread 2
2021-09-17 16:35:42 0 [Note] WSREP: STATE EXCHANGE: sent state msg: 4cc2c1b1-17d5-11ec-97d0-1233eb6b874e
2021-09-17 16:35:42 0 [Note] WSREP: STATE EXCHANGE: got state msg: 4cc2c1b1-17d5-11ec-97d0-1233eb6b874e from 0 (galera-dc-2)
2021-09-17 16:35:42 0 [Note] WSREP: STATE EXCHANGE: got state msg: 4cc2c1b1-17d5-11ec-97d0-1233eb6b874e from 1 (galera-dc-1)
2021-09-17 16:35:42 0 [Note] WSREP: Quorum results:
	version    = 6,
	component  = PRIMARY,
	conf_id    = 3,
	members    = 1/2 (joined/total),
	act_id     = 3,
	last_appl. = 0,
	protocols  = 2/10/4 (gcs/repl/appl),
	vote policy= 0,
	group UUID = efc4148b-17d4-11ec-ae9b-46ec6ef2ac33
2021-09-17 16:35:42 0 [Note] WSREP: Flow-control interval: [18, 23]
2021-09-17 16:35:42 0 [Note] WSREP: Shifting OPEN -> PRIMARY (TO: 4)
2021-09-17 16:35:42 2 [Note] WSREP: ####### processing CC 4, local, ordered
2021-09-17 16:35:42 2 [Note] WSREP: Process first view: efc4148b-17d4-11ec-ae9b-46ec6ef2ac33 my uuid: 4c2980ff-17d5-11ec-b573-b3af5cd57998
2021-09-17 16:35:42 2 [Note] WSREP: Server galera-dc-2 connected to cluster at position efc4148b-17d4-11ec-ae9b-46ec6ef2ac33:4 with ID 4c2980ff-17d5-11ec-b573-b3af5cd57998
2021-09-17 16:35:42 2 [Note] WSREP: Server status change disconnected -> connected
2021-09-17 16:35:42 2 [Note] WSREP: wsrep_notify_cmd is not defined, skipping notification.
2021-09-17 16:35:42 2 [Note] WSREP: ####### My UUID: 4c2980ff-17d5-11ec-b573-b3af5cd57998
2021-09-17 16:35:42 2 [Note] WSREP: Cert index reset to 00000000-0000-0000-0000-000000000000:-1 (proto: 10), state transfer needed: yes
2021-09-17 16:35:42 0 [Note] WSREP: Service thread queue flushed.
2021-09-17 16:35:42 2 [Note] WSREP: ####### Assign initial position for certification: 00000000-0000-0000-0000-000000000000:-1, protocol version: -1
2021-09-17 16:35:42 2 [Note] WSREP: State transfer required: 
	Group state: efc4148b-17d4-11ec-ae9b-46ec6ef2ac33:4
	Local state: 00000000-0000-0000-0000-000000000000:-1
2021-09-17 16:35:42 2 [Note] WSREP: Server status change connected -> joiner
2021-09-17 16:35:42 2 [Note] WSREP: wsrep_notify_cmd is not defined, skipping notification.
2021-09-17 16:35:42 0 [Note] WSREP: Joiner monitor thread started to monitor
2021-09-17 16:35:42 0 [Note] WSREP: Running: 'wsrep_sst_mariabackup --role 'joiner' --address '172.20.0.3' --datadir '/var/lib/mysql/' --parent '9' --binlog 'dcg2-bin''
WSREP_SST: [INFO] SSL configuration: CA='', CERT='', KEY='', MODE='DISABLED', encrypt='0' (20210917 16:35:42.561)
WSREP_SST: [INFO] Logging all stderr of SST/mariabackup to syslog (20210917 16:35:42.616)
2021-09-17 16:35:42 2 [Note] WSREP: ####### IST uuid:00000000-0000-0000-0000-000000000000 f: 0, l: 4, STRv: 3
2021-09-17 16:35:42 2 [Note] WSREP: IST receiver addr using tcp://172.20.0.3:4568
2021-09-17 16:35:42 2 [Note] WSREP: Prepared IST receiver for 0-4, listening at: tcp://172.20.0.3:4568
2021-09-17 16:35:42 0 [Note] WSREP: Member 0.0 (galera-dc-2) requested state transfer from '*any*'. Selected 1.0 (galera-dc-1)(SYNCED) as donor.
2021-09-17 16:35:42 0 [Note] WSREP: Shifting PRIMARY -> JOINER (TO: 4)
2021-09-17 16:35:42 2 [Note] WSREP: Requesting state transfer: success, donor: 1
2021-09-17 16:35:42 2 [Note] WSREP: Resetting GCache seqno map due to different histories.
2021-09-17 16:35:42 2 [Note] WSREP: GCache history reset: efc4148b-17d4-11ec-ae9b-46ec6ef2ac33:0 -> efc4148b-17d4-11ec-ae9b-46ec6ef2ac33:4
2021-09-17 16:35:44 0 [Note] WSREP: (4c2980ff-b573, 'tcp://0.0.0.0:4567') turning message relay requesting off
2021-09-17 16:35:52 0 [Warning] WSREP: 1.0 (galera-dc-1): State transfer to 0.0 (galera-dc-2) failed: -22 (Invalid argument)
2021-09-17 16:35:52 0 [ERROR] WSREP: /home/buildbot/buildbot/build/gcs/src/gcs_group.cpp:gcs_group_handle_join_msg():1170: Will never receive state. Need to abort.
2021-09-17 16:35:52 0 [Note] WSREP: gcomm: terminating thread
2021-09-17 16:35:52 0 [Note] WSREP: gcomm: joining thread
2021-09-17 16:35:52 0 [Note] WSREP: gcomm: closing backend
2021-09-17 16:35:52 0 [ERROR] WSREP: Process completed with error: wsrep_sst_mariabackup --role 'joiner' --address '172.20.0.3' --datadir '/var/lib/mysql/' --parent '9' --binlog 'dcg2-bin': 2 (No such file or directory)
2021-09-17 16:35:52 0 [ERROR] WSREP: Failed to read uuid:seqno and wsrep_gtid_domain_id from joiner script.
2021-09-17 16:35:52 3 [Note] WSREP: SST received
2021-09-17 16:35:52 3 [Note] WSREP: SST received: 00000000-0000-0000-0000-000000000000:-1
2021-09-17 16:35:52 3 [Note] WSREP: SST succeeded for position 00000000-0000-0000-0000-000000000000:-1
2021-09-17 16:35:52 0 [Note] WSREP: Joiner monitor thread ended with total time 10 sec
2021-09-17 16:35:52 2 [ERROR] WSREP: Application received wrong state: 
	Received: 00000000-0000-0000-0000-000000000000
	Required: efc4148b-17d4-11ec-ae9b-46ec6ef2ac33
2021-09-17 16:35:52 2 [ERROR] WSREP: Application state transfer failed. This is unrecoverable condition, restart required.
2021-09-17 16:35:52 2 [Note] WSREP: ReplicatorSMM::abort()
2021-09-17 16:35:52 2 [Note] WSREP: Closing send monitor...
2021-09-17 16:35:52 2 [Note] WSREP: Closed send monitor.
2021-09-17 16:35:53 0 [Note] WSREP: view(view_id(NON_PRIM,4c2980ff-b573,4) memb {
	4c2980ff-b573,0
} joined {
} left {
} partitioned {
	efc3af5f-b5d0,0
})
2021-09-17 16:35:53 0 [Note] WSREP: PC protocol downgrade 1 -> 0
2021-09-17 16:35:53 0 [Note] WSREP: view((empty))
2021-09-17 16:35:53 0 [Note] WSREP: gcomm: closed
2021-09-17 16:35:53 0 [Note] WSREP: mysqld: Terminated.
2021-09-17 16:35:53 2 [Note] WSREP: gcomm: terminating thread
2021-09-17 16:35:53 2 [Note] WSREP: gcomm: joining thread
2021-09-17 16:41:37 0 [Warning] No argument was provided to --log-bin and neither --log-basename or --log-bin-index where used;  This may cause repliction to break when this server acts as a master and has its hostname changed! Please use '--log-basename=dcg2' or '--log-bin=dcg2-bin' to avoid this problem.
2021-09-17 16:41:37 0 [Warning] 'innodb-lock-schedule-algorithm' was removed. It does nothing now and exists only for compatibility with old my.cnf files.
2021-09-17 16:41:37 1 [Warning] Failed to load slave replication state from table mysql.gtid_slave_pos: 1017: Can't find file: './mysql/' (errno: 2 "No such file or directory")
2021-09-17 16:41:37 0 [Warning] No argument was provided to --log-bin and neither --log-basename or --log-bin-index where used;  This may cause repliction to break when this server acts as a master and has its hostname changed! Please use '--log-basename=dcg2' or '--log-bin=dcg2-bin' to avoid this problem.
2021-09-17 16:41:37 0 [Note] InnoDB: Compressed tables use zlib 1.2.11
2021-09-17 16:41:37 0 [Note] InnoDB: Number of pools: 1
2021-09-17 16:41:37 0 [Note] InnoDB: Using ARMv8 crc32 + pmull instructions
2021-09-17 16:41:37 0 [Note] mysqld: O_TMPFILE is not supported on /tmp (disabling future attempts)
2021-09-17 16:41:37 0 [Note] InnoDB: Using Linux native AIO
2021-09-17 16:41:37 0 [Note] InnoDB: Initializing buffer pool, total size = 134217728, chunk size = 134217728
2021-09-17 16:41:37 0 [Note] InnoDB: Completed initialization of buffer pool
2021-09-17 16:41:37 0 [Note] InnoDB: 128 rollback segments are active.
2021-09-17 16:41:37 0 [Note] InnoDB: Creating shared tablespace for temporary tables
2021-09-17 16:41:37 0 [Note] InnoDB: Setting file './ibtmp1' size to 12 MB. Physically writing the file full; Please wait ...
2021-09-17 16:41:37 0 [Note] InnoDB: File './ibtmp1' size is now 12 MB.
2021-09-17 16:41:37 0 [Note] InnoDB: 10.6.4 started; log sequence number 41361; transaction id 14
2021-09-17 16:41:37 0 [Note] Plugin 'FEEDBACK' is disabled.
2021-09-17 16:41:37 0 [Note] InnoDB: Loading buffer pool(s) from /var/lib/mysql/ib_buffer_pool
2021-09-17 16:41:37 0 [Warning] 'innodb-lock-schedule-algorithm' was removed. It does nothing now and exists only for compatibility with old my.cnf files.
2021-09-17 16:41:37 0 [Note] InnoDB: Buffer pool(s) load completed at 210917 16:41:37
2021-09-17 16:41:37 0 [Warning] 'user' entry 'root@dcg2' ignored in --skip-name-resolve mode.
2021-09-17 16:41:37 0 [Warning] 'proxies_priv' entry '@% root@dcg2' ignored in --skip-name-resolve mode.
2021-09-17 16:41:37 0 [Note] mysqld: ready for connections.
Version: '10.6.4-MariaDB-1:10.6.4+maria~focal-log'  socket: '/run/mysqld/mysqld.sock'  port: 0  mariadb.org binary distribution
2021-09-17 16:41:40 6 [Warning] 'proxies_priv' entry '@% root@dcg2' ignored in --skip-name-resolve mode.
2021-09-17 16:41:40 0 [Note] mysqld (initiated by: root[root] @ localhost []): Normal shutdown
2021-09-17 16:41:40 0 [Note] InnoDB: FTS optimize thread exiting.
2021-09-17 16:41:40 0 [Note] InnoDB: Starting shutdown...
2021-09-17 16:41:40 0 [Note] InnoDB: Dumping buffer pool(s) to /var/lib/mysql/ib_buffer_pool
2021-09-17 16:41:40 0 [Note] InnoDB: Buffer pool(s) dump completed at 210917 16:41:40
2021-09-17 16:41:40 0 [Note] InnoDB: Removed temporary tablespace data file: "./ibtmp1"
2021-09-17 16:41:40 0 [Note] InnoDB: Shutdown completed; log sequence number 42335; transaction id 15
2021-09-17 16:41:40 0 [Note] mysqld: Shutdown complete

2021-09-17 16:41:41 0 [Warning] No argument was provided to --log-bin and neither --log-basename or --log-bin-index where used;  This may cause repliction to break when this server acts as a master and has its hostname changed! Please use '--log-basename=dcg2' or '--log-bin=dcg2-bin' to avoid this problem.
2021-09-17 16:41:41 0 [Note] WSREP: Loading provider /usr/lib/galera/libgalera_smm.so initial position: 00000000-0000-0000-0000-000000000000:-1
2021-09-17 16:41:41 0 [Note] WSREP: wsrep_load(): loading provider library '/usr/lib/galera/libgalera_smm.so'
2021-09-17 16:41:41 0 [Note] WSREP: wsrep_load(): Galera 26.4.9(r819f29cb) by Codership Oy <info@codership.com> loaded successfully.
2021-09-17 16:41:41 0 [Note] WSREP: CRC-32C: using hardware acceleration.
2021-09-17 16:41:41 0 [Note] WSREP: Found saved state: 00000000-0000-0000-0000-000000000000:-1, safe_to_bootstrap: 1
2021-09-17 16:41:41 0 [Note] WSREP: GCache DEBUG: opened preamble:
Version: 2
UUID: efc4148b-17d4-11ec-ae9b-46ec6ef2ac33
Seqno: -1 - -1
Offset: -1
Synced: 0
2021-09-17 16:41:41 0 [Note] WSREP: Recovering GCache ring buffer: version: 2, UUID: efc4148b-17d4-11ec-ae9b-46ec6ef2ac33, offset: -1
2021-09-17 16:41:41 0 [Note] WSREP: GCache::RingBuffer initial scan...  0.0% (        0/536870936 bytes) complete.
2021-09-17 16:41:41 0 [Note] WSREP: GCache::RingBuffer initial scan...100.0% (536870936/536870936 bytes) complete.
2021-09-17 16:41:41 0 [Note] WSREP: Recovering GCache ring buffer: didn't recover any events.
2021-09-17 16:41:41 0 [Note] WSREP: Passing config to GCS: base_dir = /var/lib/mysql/; base_host = 172.20.0.3; base_port = 4567; cert.log_conflicts = no; cert.optimistic_pa = yes; debug = no; evs.auto_evict = 0; evs.delay_margin = PT1S; evs.delayed_keep_period = PT30S; evs.inactive_check_period = PT0.5S; evs.inactive_timeout = PT15S; evs.join_retrans_period = PT1S; evs.max_install_timeouts = 3; evs.send_window = 4; evs.stats_report_period = PT1M; evs.suspect_timeout = PT5S; evs.user_send_window = 2; evs.view_forget_timeout = PT24H; gcache.dir = /var/lib/mysql/; gcache.keep_pages_size = 0; gcache.mem_size = 0; gcache.name = galera.cache; gcache.page_size = 128M; gcache.recover = yes; gcache.size = 512M; gcomm.thread_prio = ; gcs.fc_debug = 0; gcs.fc_factor = 0.8; gcs.fc_limit = 16; gcs.fc_master_slave = no; gcs.max_packet_size = 64500; gcs.max_throttle = 0.25; gcs.recv_q_hard_limit = 9223372036854775807; gcs.recv_q_soft_limit = 0.25; gcs.sync_donor = no; gmcast.segment = 0; gmcast.version = 0; pc.announce_timeout = PT3S; pc.checksum = fa
2021-09-17 16:41:41 0 [Note] WSREP: Start replication
2021-09-17 16:41:41 0 [Note] WSREP: Connecting with bootstrap option: 0
2021-09-17 16:41:41 0 [Note] WSREP: Setting GCS initial position to 00000000-0000-0000-0000-000000000000:-1
2021-09-17 16:41:41 0 [Note] WSREP: protonet asio version 0
2021-09-17 16:41:41 0 [Note] WSREP: Using CRC-32C for message checksums.
2021-09-17 16:41:41 0 [Note] WSREP: backend: asio
2021-09-17 16:41:41 0 [Note] WSREP: gcomm thread scheduling priority set to other:0 
2021-09-17 16:41:41 0 [Warning] WSREP: access file(/var/lib/mysql//gvwstate.dat) failed(No such file or directory)
2021-09-17 16:41:41 0 [Note] WSREP: restore pc from disk failed
2021-09-17 16:41:41 0 [Note] WSREP: GMCast version 0
2021-09-17 16:41:41 0 [Note] WSREP: (22cd0213-91a3, 'tcp://0.0.0.0:4567') listening at tcp://0.0.0.0:4567
2021-09-17 16:41:41 0 [Note] WSREP: (22cd0213-91a3, 'tcp://0.0.0.0:4567') multicast: , ttl: 1
2021-09-17 16:41:41 0 [Note] WSREP: EVS version 1
2021-09-17 16:41:41 0 [Note] WSREP: gcomm: connecting to group 'DC', peer '172.20.0.2:,172.20.0.3:,172.20.0.4:'
2021-09-17 16:41:41 0 [Note] WSREP: (22cd0213-91a3, 'tcp://0.0.0.0:4567') Found matching local endpoint for a connection, blacklisting address tcp://172.20.0.3:4567
2021-09-17 16:41:41 0 [Note] WSREP: (22cd0213-91a3, 'tcp://0.0.0.0:4567') connection established to efc3af5f-b5d0 tcp://172.20.0.2:4567
2021-09-17 16:41:41 0 [Note] WSREP: (22cd0213-91a3, 'tcp://0.0.0.0:4567') turning message relay requesting on, nonlive peers: 
2021-09-17 16:41:41 0 [Note] WSREP: EVS version upgrade 0 -> 1
2021-09-17 16:41:41 0 [Note] WSREP: declaring efc3af5f-b5d0 at tcp://172.20.0.2:4567 stable
2021-09-17 16:41:41 0 [Note] WSREP: PC protocol upgrade 0 -> 1
2021-09-17 16:41:41 0 [Note] WSREP: Node efc3af5f-b5d0 state prim
2021-09-17 16:41:41 0 [Note] WSREP: view(view_id(PRIM,22cd0213-91a3,6) memb {
	22cd0213-91a3,0
	efc3af5f-b5d0,0
} joined {
} left {
} partitioned {
})
2021-09-17 16:41:41 0 [Note] WSREP: save pc into disk
2021-09-17 16:41:41 0 [Note] WSREP: discarding pending addr without UUID: tcp://172.20.0.4:4567
2021-09-17 16:41:41 0 [Note] WSREP: discarding pending addr proto entry 0xaaab1a0cf670
2021-09-17 16:41:42 0 [Note] WSREP: gcomm: connected
2021-09-17 16:41:42 0 [Note] WSREP: Changing maximum packet size to 64500, resulting msg size: 32636
2021-09-17 16:41:42 0 [Note] WSREP: Shifting CLOSED -> OPEN (TO: 0)
2021-09-17 16:41:42 0 [Note] WSREP: Opened channel 'DC'
2021-09-17 16:41:42 0 [Note] WSREP: New COMPONENT: primary = yes, bootstrap = no, my_idx = 0, memb_num = 2
2021-09-17 16:41:42 0 [Note] WSREP: STATE_EXCHANGE: sent state UUID: 231a51b1-17d6-11ec-889a-bbb5e66cbfb2
2021-09-17 16:41:42 1 [Note] WSREP: Starting rollbacker thread 1
2021-09-17 16:41:42 2 [Note] WSREP: Starting applier thread 2
2021-09-17 16:41:42 0 [Note] WSREP: STATE EXCHANGE: sent state msg: 231a51b1-17d6-11ec-889a-bbb5e66cbfb2
2021-09-17 16:41:42 0 [Note] WSREP: STATE EXCHANGE: got state msg: 231a51b1-17d6-11ec-889a-bbb5e66cbfb2 from 0 (galera-dc-2)
2021-09-17 16:41:42 0 [Note] WSREP: STATE EXCHANGE: got state msg: 231a51b1-17d6-11ec-889a-bbb5e66cbfb2 from 1 (galera-dc-1)
2021-09-17 16:41:42 0 [Note] WSREP: Quorum results:
	version    = 6,
	component  = PRIMARY,
	conf_id    = 5,
	members    = 1/2 (joined/total),
	act_id     = 5,
	last_appl. = 0,
	protocols  = 2/10/4 (gcs/repl/appl),
	vote policy= 0,
	group UUID = efc4148b-17d4-11ec-ae9b-46ec6ef2ac33
2021-09-17 16:41:42 0 [Note] WSREP: Flow-control interval: [18, 23]
2021-09-17 16:41:42 0 [Note] WSREP: Shifting OPEN -> PRIMARY (TO: 6)
2021-09-17 16:41:42 2 [Note] WSREP: ####### processing CC 6, local, ordered
2021-09-17 16:41:42 2 [Note] WSREP: Process first view: efc4148b-17d4-11ec-ae9b-46ec6ef2ac33 my uuid: 22cd0213-17d6-11ec-91a3-2b6bdd514473
2021-09-17 16:41:42 2 [Note] WSREP: Server galera-dc-2 connected to cluster at position efc4148b-17d4-11ec-ae9b-46ec6ef2ac33:6 with ID 22cd0213-17d6-11ec-91a3-2b6bdd514473
2021-09-17 16:41:42 2 [Note] WSREP: Server status change disconnected -> connected
2021-09-17 16:41:42 2 [Note] WSREP: wsrep_notify_cmd is not defined, skipping notification.
2021-09-17 16:41:42 2 [Note] WSREP: ####### My UUID: 22cd0213-17d6-11ec-91a3-2b6bdd514473
2021-09-17 16:41:42 2 [Note] WSREP: Cert index reset to 00000000-0000-0000-0000-000000000000:-1 (proto: 10), state transfer needed: yes
2021-09-17 16:41:42 0 [Note] WSREP: Service thread queue flushed.
2021-09-17 16:41:42 2 [Note] WSREP: ####### Assign initial position for certification: 00000000-0000-0000-0000-000000000000:-1, protocol version: -1
2021-09-17 16:41:42 2 [Note] WSREP: State transfer required: 
	Group state: efc4148b-17d4-11ec-ae9b-46ec6ef2ac33:6
	Local state: 00000000-0000-0000-0000-000000000000:-1
2021-09-17 16:41:42 2 [Note] WSREP: Server status change connected -> joiner
2021-09-17 16:41:42 2 [Note] WSREP: wsrep_notify_cmd is not defined, skipping notification.
2021-09-17 16:41:42 0 [Note] WSREP: Running: 'wsrep_sst_mariabackup --role 'joiner' --address '172.20.0.3' --datadir '/var/lib/mysql/' --parent '9' --binlog 'dcg2-bin''
2021-09-17 16:41:42 0 [Note] WSREP: Joiner monitor thread started to monitor
WSREP_SST: [INFO] SSL configuration: CA='', CERT='', KEY='', MODE='DISABLED', encrypt='0' (20210917 16:41:42.166)
WSREP_SST: [INFO] Logging all stderr of SST/mariabackup to syslog (20210917 16:41:42.219)
2021-09-17 16:41:42 2 [Note] WSREP: ####### IST uuid:00000000-0000-0000-0000-000000000000 f: 0, l: 6, STRv: 3
2021-09-17 16:41:42 2 [Note] WSREP: IST receiver addr using tcp://172.20.0.3:4568
2021-09-17 16:41:42 2 [Note] WSREP: Prepared IST receiver for 0-6, listening at: tcp://172.20.0.3:4568
2021-09-17 16:41:42 0 [Note] WSREP: Member 0.0 (galera-dc-2) requested state transfer from '*any*'. Selected 1.0 (galera-dc-1)(SYNCED) as donor.
2021-09-17 16:41:42 0 [Note] WSREP: Shifting PRIMARY -> JOINER (TO: 6)
2021-09-17 16:41:42 2 [Note] WSREP: Requesting state transfer: success, donor: 1
2021-09-17 16:41:42 2 [Note] WSREP: Resetting GCache seqno map due to different histories.
2021-09-17 16:41:42 2 [Note] WSREP: GCache history reset: efc4148b-17d4-11ec-ae9b-46ec6ef2ac33:0 -> efc4148b-17d4-11ec-ae9b-46ec6ef2ac33:6
2021-09-17 16:41:44 0 [Note] WSREP: (22cd0213-91a3, 'tcp://0.0.0.0:4567') turning message relay requesting off
2021-09-17 16:41:52 0 [Warning] WSREP: 1.0 (galera-dc-1): State transfer to 0.0 (galera-dc-2) failed: -22 (Invalid argument)
2021-09-17 16:41:52 0 [ERROR] WSREP: /home/buildbot/buildbot/build/gcs/src/gcs_group.cpp:gcs_group_handle_join_msg():1170: Will never receive state. Need to abort.
2021-09-17 16:41:52 0 [Note] WSREP: gcomm: terminating thread
2021-09-17 16:41:52 0 [Note] WSREP: gcomm: joining thread
2021-09-17 16:41:52 0 [Note] WSREP: gcomm: closing backend
2021-09-17 16:41:52 0 [ERROR] WSREP: Process completed with error: wsrep_sst_mariabackup --role 'joiner' --address '172.20.0.3' --datadir '/var/lib/mysql/' --parent '9' --binlog 'dcg2-bin': 2 (No such file or directory)
2021-09-17 16:41:52 0 [ERROR] WSREP: Failed to read uuid:seqno and wsrep_gtid_domain_id from joiner script.
2021-09-17 16:41:52 3 [Note] WSREP: SST received
2021-09-17 16:41:52 3 [Note] WSREP: SST received: 00000000-0000-0000-0000-000000000000:-1
2021-09-17 16:41:52 3 [Note] WSREP: SST succeeded for position 00000000-0000-0000-0000-000000000000:-1
2021-09-17 16:41:52 0 [Note] WSREP: Joiner monitor thread ended with total time 10 sec
2021-09-17 16:41:52 2 [ERROR] WSREP: Application received wrong state: 
	Received: 00000000-0000-0000-0000-000000000000
	Required: efc4148b-17d4-11ec-ae9b-46ec6ef2ac33
2021-09-17 16:41:52 2 [ERROR] WSREP: Application state transfer failed. This is unrecoverable condition, restart required.
2021-09-17 16:41:52 2 [Note] WSREP: ReplicatorSMM::abort()
2021-09-17 16:41:52 2 [Note] WSREP: Closing send monitor...
2021-09-17 16:41:52 2 [Note] WSREP: Closed send monitor.
2021-09-17 16:41:53 0 [Note] WSREP: view(view_id(NON_PRIM,22cd0213-91a3,6) memb {
	22cd0213-91a3,0
} joined {
} left {
} partitioned {
	efc3af5f-b5d0,0
})
2021-09-17 16:41:53 0 [Note] WSREP: PC protocol downgrade 1 -> 0
2021-09-17 16:41:53 0 [Note] WSREP: view((empty))
2021-09-17 16:41:53 0 [Note] WSREP: gcomm: closed
2021-09-17 16:41:53 0 [Note] WSREP: mysqld: Terminated.
2021-09-17 16:41:53 2 [Note] WSREP: gcomm: terminating thread
2021-09-17 16:41:53 2 [Note] WSREP: gcomm: joining thread
